{"level":"http","message":"/ - method: GET"}
{"level":"http","message":"/login - method: GET"}
{"level":"http","message":"/api/sessions/login - method: POST"}
{"level":"http","message":"/ - method: GET"}
{"level":"http","message":"/products - method: GET"}
{"level":"http","message":"/loggerTest - method: GET"}
{"level":"debug","message":"Debug message"}
{"level":"http","message":"HTTP message"}
{"level":"info","message":"Info message"}
{"level":"http","message":"/loggerTest - method: GET"}
{"level":"debug","message":"Debug message"}
{"level":"http","message":"HTTP message"}
{"level":"info","message":"Info message"}
{"level":"http","message":"/loggerTest - method: GET"}
{"level":"debug","message":"Debug message"}
{"level":"http","message":"HTTP message"}
{"level":"info","message":"Info message"}
{"level":"warning","message":"Warning message"}
{"level":"error","message":"Error message"}
{"level":"fatal","message":"Fatal message"}
{"level":"http","message":"/loggerTest - method: GET"}
{"level":"debug","message":"Debug message"}
{"level":"http","message":"HTTP message"}
{"level":"info","message":"Info message"}
{"level":"warning","message":"Warning message"}
{"level":"error","message":"Error message"}
{"level":"fatal","message":"Fatal message"}
{"level":"http","message":"/loggerTest - method: GET"}
{"level":"debug","message":"Debug message"}
{"level":"http","message":"HTTP message"}
{"level":"info","message":"Info message"}
{"level":"warning","message":"Warning message"}
{"level":"error","message":"Error message"}
{"level":"fatal","message":"Fatal message"}
{"level":"http","message":"/products - method: GET"}
